\BOOKMARK [1][-]{section.1}{\376\377\000I\000N\000T\000R\000O\000D\000U\000C\000T\000I\000O\000N}{}% 1
\BOOKMARK [1][-]{section.2}{\376\377\000D\000A\000T\000A\000\040\000P\000R\000E\000P\000A\000R\000A\000T\000I\000O\000N\000\040\000A\000N\000D\000\040\000F\000E\000A\000T\000U\000R\000E\000\040\000E\000N\000G\000I\000N\000E\000E\000R\000I\000N\000G}{}% 2
\BOOKMARK [2][-]{subsection.2.1}{\376\377\000R\000a\000w\000\040\000D\000a\000t\000a\000\040\000a\000n\000d\000\040\000I\000n\000d\000i\000c\000a\000t\000o\000r\000s}{section.2}% 3
\BOOKMARK [2][-]{subsection.2.2}{\376\377\000M\000u\000l\000t\000i\000-\000T\000i\000m\000e\000f\000r\000a\000m\000e\000\040\000I\000n\000t\000e\000g\000r\000a\000t\000i\000o\000n}{section.2}% 4
\BOOKMARK [2][-]{subsection.2.3}{\376\377\000N\000o\000r\000m\000a\000l\000i\000z\000a\000t\000i\000o\000n\000\040\000a\000n\000d\000\040\000S\000c\000a\000l\000i\000n\000g}{section.2}% 5
\BOOKMARK [1][-]{section.3}{\376\377\000D\000I\000V\000E\000R\000G\000E\000N\000C\000E\000\040\000D\000E\000T\000E\000C\000T\000I\000O\000N\000\040\000A\000N\000D\000\040\000L\000A\000B\000E\000L\000I\000N\000G}{}% 6
\BOOKMARK [2][-]{subsection.3.1}{\376\377\000D\000i\000v\000e\000r\000g\000e\000n\000c\000e\000\040\000D\000e\000t\000e\000c\000t\000i\000o\000n\000\040\000A\000l\000g\000o\000r\000i\000t\000h\000m}{section.3}% 7
\BOOKMARK [2][-]{subsection.3.2}{\376\377\000C\000a\000l\000c\000u\000l\000a\000t\000i\000n\000g\000\040\000T\000P\000\040\000a\000n\000d\000\040\000S\000L\000\040\000L\000e\000v\000e\000l\000s}{section.3}% 8
\BOOKMARK [2][-]{subsection.3.3}{\376\377\000T\000r\000a\000d\000e\000\040\000L\000a\000b\000e\000l\000i\000n\000g\000\040\000P\000r\000o\000c\000e\000d\000u\000r\000e}{section.3}% 9
\BOOKMARK [1][-]{section.4}{\376\377\000M\000O\000D\000E\000L\000\040\000A\000R\000C\000H\000I\000T\000E\000C\000T\000U\000R\000E\000S\000\040\000A\000N\000D\000\040\000T\000R\000A\000I\000N\000I\000N\000G}{}% 10
\BOOKMARK [2][-]{subsection.4.1}{\376\377\000L\000S\000T\000M\000-\000B\000a\000s\000e\000d\000\040\000M\000o\000d\000e\000l}{section.4}% 11
\BOOKMARK [2][-]{subsection.4.2}{\376\377\000T\000r\000a\000n\000s\000f\000o\000r\000m\000e\000r\000-\000B\000a\000s\000e\000d\000\040\000M\000o\000d\000e\000l}{section.4}% 12
\BOOKMARK [2][-]{subsection.4.3}{\376\377\000T\000r\000a\000i\000n\000i\000n\000g\000\040\000D\000e\000t\000a\000i\000l\000s}{section.4}% 13
\BOOKMARK [1][-]{section.5}{\376\377\000R\000e\000s\000u\000l\000t\000s\000\040\000a\000n\000d\000\040\000A\000n\000a\000l\000y\000s\000i\000s}{}% 14
\BOOKMARK [2][-]{subsection.5.1}{\376\377\000E\000v\000a\000l\000u\000a\000t\000i\000o\000n\000\040\000M\000e\000t\000r\000i\000c\000s}{section.5}% 15
\BOOKMARK [2][-]{subsection.5.2}{\376\377\000P\000r\000e\000l\000i\000m\000i\000n\000a\000r\000y\000\040\000R\000e\000s\000u\000l\000t\000s}{section.5}% 16
\BOOKMARK [2][-]{subsection.5.3}{\376\377\000C\000o\000n\000f\000u\000s\000i\000o\000n\000\040\000M\000a\000t\000r\000i\000x}{section.5}% 17
\BOOKMARK [2][-]{subsection.5.4}{\376\377\000T\000r\000a\000i\000n\000i\000n\000g\000\040\000C\000o\000n\000v\000e\000r\000g\000e\000n\000c\000e}{section.5}% 18
\BOOKMARK [1][-]{section.6}{\376\377\000D\000i\000s\000c\000u\000s\000s\000i\000o\000n\000\040\000a\000n\000d\000\040\000F\000u\000t\000u\000r\000e\000\040\000S\000t\000u\000d\000y}{}% 19
\BOOKMARK [2][-]{subsection.6.1}{\376\377\000L\000i\000m\000i\000t\000a\000t\000i\000o\000n\000s}{section.6}% 20
\BOOKMARK [2][-]{subsection.6.2}{\376\377\000F\000u\000t\000u\000r\000e\000\040\000S\000t\000u\000d\000y}{section.6}% 21
\BOOKMARK [1][-]{section.7}{\376\377\000C\000O\000N\000C\000L\000U\000S\000I\000O\000N\000S}{}% 22
\BOOKMARK [1][-]{section*.1}{\376\377\000R\000e\000f\000e\000r\000e\000n\000c\000e\000s}{}% 23
